17:55:29 - "scalac" is not found on the PATH.  Scala files will not be recompiled
17:55:33 - !! Modified jar detected. Unpredictable results !!
17:58:28 - !! Missing server jar file. Aborting !!
18:39:48 - "scalac" is not found on the PATH.  Scala files will not be recompiled
15:21:11 - "scalac" is not found on the PATH.  Scala files will not be recompiled
15:21:17 - '"C:\Program Files\Java\jdk1.8.0_201\bin\javac" -Xlint:-options -deprecation -g -source 1.6 -target 1.6 -classpath "jars\versions\1.8.9\1.8.9.jar;lib;lib\*;jars\libraries\net\java\jinput\jinput\2.0.5\jinput-2.0.5.jar;jars\libraries\org\lwjgl\lwjgl\lwjgl-platform\2.9.4-nightly-20150209\lwjgl-platform-2.9.4-nightly-20150209-natives-windows.jar;jars\libraries\com\ibm\icu\icu4j-core-mojang\51.2\icu4j-core-mojang-51.2.jar;jars\libraries\tv\twitch\twitch-external-platform\4.5\twitch-external-platform-4.5-natives-windows-64.jar;jars\libraries\org\apache\httpcomponents\httpcore\4.3.2\httpcore-4.3.2.jar;jars\libraries\org\apache\logging\log4j\log4j-api\2.0-beta9\log4j-api-2.0-beta9.jar;jars\libraries\org\apache\commons\commons-lang3\3.3.2\commons-lang3-3.3.2.jar;jars\libraries\net\java\dev\jna\jna\3.4.0\jna-3.4.0.jar;jars\libraries\com\paulscode\libraryjavasound\20101123\libraryjavasound-20101123.jar;jars\libraries\net\sf\jopt-simple\jopt-simple\4.6\jopt-simple-4.6.jar;jars\libraries\com\google\guava\guava\17.0\guava-17.0.jar;jars\libraries\oshi-project\oshi-core\1.1\oshi-core-1.1.jar;jars\libraries\org\apache\httpcomponents\httpclient\4.3.3\httpclient-4.3.3.jar;jars\libraries\org\apache\commons\commons-compress\1.8.1\commons-compress-1.8.1.jar;jars\libraries\net\java\dev\jna\platform\3.4.0\platform-3.4.0.jar;jars\libraries\com\paulscode\codecjorbis\20101023\codecjorbis-20101023.jar;jars\libraries\com\paulscode\soundsystem\20120107\soundsystem-20120107.jar;jars\libraries\com\paulscode\librarylwjglopenal\20100824\librarylwjglopenal-20100824.jar;jars\libraries\org\lwjgl\lwjgl\lwjgl_util\2.9.4-nightly-20150209\lwjgl_util-2.9.4-nightly-20150209.jar;jars\libraries\commons-codec\commons-codec\1.9\commons-codec-1.9.jar;jars\libraries\net\java\jutils\jutils\1.0.0\jutils-1.0.0.jar;jars\libraries\commons-logging\commons-logging\1.1.3\commons-logging-1.1.3.jar;jars\libraries\org\lwjgl\lwjgl\lwjgl\2.9.4-nightly-20150209\lwjgl-2.9.4-nightly-20150209.jar;jars\libraries\commons-io\commons-io\2.4\commons-io-2.4.jar;jars\libraries\com\mojang\realms\1.7.59\realms-1.7.59.jar;jars\libraries\com\mojang\authlib\1.5.21\authlib-1.5.21.jar;jars\libraries\com\google\code\gson\gson\2.2.4\gson-2.2.4.jar;jars\libraries\com\mojang\netty\1.6\netty-1.6.jar;jars\libraries\tv\twitch\twitch\6.5\twitch-6.5.jar;jars\libraries\com\paulscode\codecwav\20101023\codecwav-20101023.jar;jars\libraries\tv\twitch\twitch-platform\6.5\twitch-platform-6.5-natives-windows-64.jar;jars\libraries\net\java\jinput\jinput-platform\2.0.5\jinput-platform-2.0.5-natives-windows.jar;jars\libraries\org\apache\logging\log4j\log4j-core\2.0-beta9\log4j-core-2.0-beta9.jar;jars\libraries\io\netty\netty-all\4.0.23.Final\netty-all-4.0.23.Final.jar" -sourcepath src\minecraft -d bin\minecraft @temp\java_src_client.txt' failed : 1
15:21:17 - 
15:21:17 - == ERRORS FOUND in JAVA CODE ==
15:21:17 - 
15:21:17 - src\minecraft\me\spaceman\psilocin\handlers\ModuleHandler.java:18: error: diamond operator is not supported in -source 1.6
15:21:17 -     private ArrayList<Module> loadedModules = new ArrayList<>();
15:21:17 -                                                             ^
15:21:17 - 
15:21:17 -   (use -source 7 or higher to enable diamond operator)
15:21:17 - 1 error
15:21:17 - ==================
15:21:17 - 
15:21:17 - !! Can not find server sources, try decompiling !!
15:22:14 - "scalac" is not found on the PATH.  Scala files will not be recompiled
15:22:16 - '"C:\Program Files\Java\jdk1.8.0_201\bin\javac" -Xlint:-options -deprecation -g -source 1.6 -target 1.6 -classpath "jars\versions\1.8.9\1.8.9.jar;lib;lib\*;jars\libraries\net\java\jinput\jinput\2.0.5\jinput-2.0.5.jar;jars\libraries\org\lwjgl\lwjgl\lwjgl-platform\2.9.4-nightly-20150209\lwjgl-platform-2.9.4-nightly-20150209-natives-windows.jar;jars\libraries\com\ibm\icu\icu4j-core-mojang\51.2\icu4j-core-mojang-51.2.jar;jars\libraries\tv\twitch\twitch-external-platform\4.5\twitch-external-platform-4.5-natives-windows-64.jar;jars\libraries\org\apache\httpcomponents\httpcore\4.3.2\httpcore-4.3.2.jar;jars\libraries\org\apache\logging\log4j\log4j-api\2.0-beta9\log4j-api-2.0-beta9.jar;jars\libraries\org\apache\commons\commons-lang3\3.3.2\commons-lang3-3.3.2.jar;jars\libraries\net\java\dev\jna\jna\3.4.0\jna-3.4.0.jar;jars\libraries\com\paulscode\libraryjavasound\20101123\libraryjavasound-20101123.jar;jars\libraries\net\sf\jopt-simple\jopt-simple\4.6\jopt-simple-4.6.jar;jars\libraries\com\google\guava\guava\17.0\guava-17.0.jar;jars\libraries\oshi-project\oshi-core\1.1\oshi-core-1.1.jar;jars\libraries\org\apache\httpcomponents\httpclient\4.3.3\httpclient-4.3.3.jar;jars\libraries\org\apache\commons\commons-compress\1.8.1\commons-compress-1.8.1.jar;jars\libraries\net\java\dev\jna\platform\3.4.0\platform-3.4.0.jar;jars\libraries\com\paulscode\codecjorbis\20101023\codecjorbis-20101023.jar;jars\libraries\com\paulscode\soundsystem\20120107\soundsystem-20120107.jar;jars\libraries\com\paulscode\librarylwjglopenal\20100824\librarylwjglopenal-20100824.jar;jars\libraries\org\lwjgl\lwjgl\lwjgl_util\2.9.4-nightly-20150209\lwjgl_util-2.9.4-nightly-20150209.jar;jars\libraries\commons-codec\commons-codec\1.9\commons-codec-1.9.jar;jars\libraries\net\java\jutils\jutils\1.0.0\jutils-1.0.0.jar;jars\libraries\commons-logging\commons-logging\1.1.3\commons-logging-1.1.3.jar;jars\libraries\org\lwjgl\lwjgl\lwjgl\2.9.4-nightly-20150209\lwjgl-2.9.4-nightly-20150209.jar;jars\libraries\commons-io\commons-io\2.4\commons-io-2.4.jar;jars\libraries\com\mojang\realms\1.7.59\realms-1.7.59.jar;jars\libraries\com\mojang\authlib\1.5.21\authlib-1.5.21.jar;jars\libraries\com\google\code\gson\gson\2.2.4\gson-2.2.4.jar;jars\libraries\com\mojang\netty\1.6\netty-1.6.jar;jars\libraries\tv\twitch\twitch\6.5\twitch-6.5.jar;jars\libraries\com\paulscode\codecwav\20101023\codecwav-20101023.jar;jars\libraries\tv\twitch\twitch-platform\6.5\twitch-platform-6.5-natives-windows-64.jar;jars\libraries\net\java\jinput\jinput-platform\2.0.5\jinput-platform-2.0.5-natives-windows.jar;jars\libraries\org\apache\logging\log4j\log4j-core\2.0-beta9\log4j-core-2.0-beta9.jar;jars\libraries\io\netty\netty-all\4.0.23.Final\netty-all-4.0.23.Final.jar" -sourcepath src\minecraft -d bin\minecraft @temp\java_src_client.txt' failed : 1
15:22:16 - 
15:22:16 - == ERRORS FOUND in JAVA CODE ==
15:22:16 - 
15:22:16 - src\minecraft\me\spaceman\psilocin\handlers\ModuleHandler.java:18: error: diamond operator is not supported in -source 1.6
15:22:16 -     private ArrayList<Module> loadedModules = new ArrayList<>();
15:22:16 -                                                             ^
15:22:16 - 
15:22:16 -   (use -source 7 or higher to enable diamond operator)
15:22:16 - 1 error
15:22:16 - ==================
15:22:16 - 
15:22:16 - !! Can not find server sources, try decompiling !!
15:31:29 - "scalac" is not found on the PATH.  Scala files will not be recompiled
15:31:29 - '"C:\Program Files\Java\jdk1.8.0_201\bin\javac" -Xlint:-options -deprecation -g -source 7 -target 1.6 -classpath "jars\versions\1.8.9\1.8.9.jar;lib;lib\*;jars\libraries\net\java\jinput\jinput\2.0.5\jinput-2.0.5.jar;jars\libraries\org\lwjgl\lwjgl\lwjgl-platform\2.9.4-nightly-20150209\lwjgl-platform-2.9.4-nightly-20150209-natives-windows.jar;jars\libraries\com\ibm\icu\icu4j-core-mojang\51.2\icu4j-core-mojang-51.2.jar;jars\libraries\tv\twitch\twitch-external-platform\4.5\twitch-external-platform-4.5-natives-windows-64.jar;jars\libraries\org\apache\httpcomponents\httpcore\4.3.2\httpcore-4.3.2.jar;jars\libraries\org\apache\logging\log4j\log4j-api\2.0-beta9\log4j-api-2.0-beta9.jar;jars\libraries\org\apache\commons\commons-lang3\3.3.2\commons-lang3-3.3.2.jar;jars\libraries\net\java\dev\jna\jna\3.4.0\jna-3.4.0.jar;jars\libraries\com\paulscode\libraryjavasound\20101123\libraryjavasound-20101123.jar;jars\libraries\net\sf\jopt-simple\jopt-simple\4.6\jopt-simple-4.6.jar;jars\libraries\com\google\guava\guava\17.0\guava-17.0.jar;jars\libraries\oshi-project\oshi-core\1.1\oshi-core-1.1.jar;jars\libraries\org\apache\httpcomponents\httpclient\4.3.3\httpclient-4.3.3.jar;jars\libraries\org\apache\commons\commons-compress\1.8.1\commons-compress-1.8.1.jar;jars\libraries\net\java\dev\jna\platform\3.4.0\platform-3.4.0.jar;jars\libraries\com\paulscode\codecjorbis\20101023\codecjorbis-20101023.jar;jars\libraries\com\paulscode\soundsystem\20120107\soundsystem-20120107.jar;jars\libraries\com\paulscode\librarylwjglopenal\20100824\librarylwjglopenal-20100824.jar;jars\libraries\org\lwjgl\lwjgl\lwjgl_util\2.9.4-nightly-20150209\lwjgl_util-2.9.4-nightly-20150209.jar;jars\libraries\commons-codec\commons-codec\1.9\commons-codec-1.9.jar;jars\libraries\net\java\jutils\jutils\1.0.0\jutils-1.0.0.jar;jars\libraries\commons-logging\commons-logging\1.1.3\commons-logging-1.1.3.jar;jars\libraries\org\lwjgl\lwjgl\lwjgl\2.9.4-nightly-20150209\lwjgl-2.9.4-nightly-20150209.jar;jars\libraries\commons-io\commons-io\2.4\commons-io-2.4.jar;jars\libraries\com\mojang\realms\1.7.59\realms-1.7.59.jar;jars\libraries\com\mojang\authlib\1.5.21\authlib-1.5.21.jar;jars\libraries\com\google\code\gson\gson\2.2.4\gson-2.2.4.jar;jars\libraries\com\mojang\netty\1.6\netty-1.6.jar;jars\libraries\tv\twitch\twitch\6.5\twitch-6.5.jar;jars\libraries\com\paulscode\codecwav\20101023\codecwav-20101023.jar;jars\libraries\tv\twitch\twitch-platform\6.5\twitch-platform-6.5-natives-windows-64.jar;jars\libraries\net\java\jinput\jinput-platform\2.0.5\jinput-platform-2.0.5-natives-windows.jar;jars\libraries\org\apache\logging\log4j\log4j-core\2.0-beta9\log4j-core-2.0-beta9.jar;jars\libraries\io\netty\netty-all\4.0.23.Final\netty-all-4.0.23.Final.jar" -sourcepath src\minecraft -d bin\minecraft @temp\java_src_client.txt' failed : 2
15:31:29 - 
15:31:29 - == ERRORS FOUND in JAVA CODE ==
15:31:29 - 
15:31:29 - javac: source release 7 requires target release 1.7
15:31:29 - ==================
15:31:29 - 
15:31:29 - !! Can not find server sources, try decompiling !!
15:32:01 - "scalac" is not found on the PATH.  Scala files will not be recompiled
15:32:12 - !! Can not find server sources, try decompiling !!
15:32:18 - "scalac" is not found on the PATH.  Scala files will not be recompiled
15:33:02 - !! Can not find server md5s !!
15:57:24 - "scalac" is not found on the PATH.  Scala files will not be recompiled
15:57:35 - !! Can not find server sources, try decompiling !!
15:57:44 - "scalac" is not found on the PATH.  Scala files will not be recompiled
15:58:27 - !! Can not find server md5s !!
